#
# A fatal error has been detected by the Java Runtime Environment:
#
#  Internal Error (javaClasses.cpp:129), pid=6816, tid=8212
#  fatal error: Invalid layout of preloaded class
#
# JRE version: 7.0_15-b03
# Java VM: Java HotSpot(TM) Client VM (23.7-b01 mixed mode windows-x86 )
# Failed to write core dump. Minidumps are not enabled by default on client versions of Windows
#
# If you would like to submit a bug report, please visit:
#   http://bugreport.sun.com/bugreport/crash.jsp
#

---------------  T H R E A D  ---------------

Current thread (0x008fb400):  JavaThread "Unknown thread" [_thread_in_vm, id=8212, stack(0x008a0000,0x008f0000)]

Stack: [0x008a0000,0x008f0000],  sp=0x008ef4f8,  free space=317k
Native frames: (J=compiled Java code, j=interpreted, Vv=VM code, C=native code)
V  [jvm.dll+0x16f261]
V  [jvm.dll+0x1693d6]
V  [jvm.dll+0x2079f]
V  [jvm.dll+0x20826]
V  [jvm.dll+0x2e5bd]
V  [jvm.dll+0x2e869]
V  [jvm.dll+0x77ba1]
V  [jvm.dll+0x77f5b]
V  [jvm.dll+0x1290e1]
V  [jvm.dll+0x149b3a]
V  [jvm.dll+0xa98df]
C  [javaw.exe+0x13ca]
C  [javaw.exe+0x1e3c]
C  [javaw.exe+0xa5a1]
C  [javaw.exe+0xa62b]
C  [kernel32.dll+0x4ed6c]  BaseThreadInitThunk+0x12
C  [ntdll.dll+0x6377b]  RtlInitializeExceptionChain+0xef
C  [ntdll.dll+0x6374e]  RtlInitializeExceptionChain+0xc2


---------------  P R O C E S S  ---------------

Java Threads: ( => current thread )

Other Threads:

=>0x008fb400 (exited) JavaThread "Unknown thread" [_thread_in_vm, id=8212, stack(0x008a0000,0x008f0000)]

VM state:not at safepoint (not fully initialized)

VM Mutex/Monitor currently owned by a thread: None

GC Heap History (0 events):
No events

Deoptimization events (0 events):
No events

Internal exceptions (0 events):
No events

Events (10 events):
Event: 0.010 loading class 0x00923af0 done
Event: 0.010 loading class 0x008ffbe0 done
Event: 0.010 loading class 0x008ffbb8
Event: 0.011 loading class 0x00996d18
Event: 0.011 loading class 0x00996d18 done
Event: 0.011 loading class 0x00996d50
Event: 0.011 loading class 0x00996d50 done
Event: 0.011 loading class 0x0098c7e0
Event: 0.011 loading class 0x0098c7e0 done
Event: 0.011 loading class 0x008ffbb8 done


Dynamic libraries:
0x01050000 - 0x0107f000 	C:\Program Files\Java\jre7\bin\javaw.exe
0x77850000 - 0x7798c000 	C:\Windows\SYSTEM32\ntdll.dll
0x76ee0000 - 0x76fb4000 	C:\Windows\system32\kernel32.dll
0x75780000 - 0x757cb000 	C:\Windows\system32\KERNELBASE.dll
0x75f20000 - 0x75fc0000 	C:\Windows\system32\ADVAPI32.dll
0x76df0000 - 0x76e9c000 	C:\Windows\system32\msvcrt.dll
0x77830000 - 0x77849000 	C:\Windows\SYSTEM32\sechost.dll
0x775b0000 - 0x77651000 	C:\Windows\system32\RPCRT4.dll
0x76d20000 - 0x76de9000 	C:\Windows\system32\USER32.dll
0x77550000 - 0x7759e000 	C:\Windows\system32\GDI32.dll
0x775a0000 - 0x775aa000 	C:\Windows\system32\LPK.dll
0x77790000 - 0x7782d000 	C:\Windows\system32\USP10.dll
0x742a0000 - 0x7443e000 	C:\Windows\WinSxS\x86_microsoft.windows.common-controls_6595b64144ccf1df_6.0.7601.17514_none_41e6975e2bd6f2b2\COMCTL32.dll
0x774a0000 - 0x774f7000 	C:\Windows\system32\SHLWAPI.dll
0x77130000 - 0x7714f000 	C:\Windows\system32\IMM32.DLL
0x75b50000 - 0x75c1c000 	C:\Windows\system32\MSCTF.dll
0x5e6f0000 - 0x5e7ae000 	C:\Program Files\Java\jre7\bin\msvcr100.dll
0x61950000 - 0x61c9c000 	C:\Program Files\Java\jre7\bin\client\jvm.dll
0x71060000 - 0x71067000 	C:\Windows\system32\WSOCK32.dll
0x77510000 - 0x77545000 	C:\Windows\system32\WS2_32.dll
0x76ea0000 - 0x76ea6000 	C:\Windows\system32\NSI.dll
0x756d0000 - 0x75702000 	C:\Windows\system32\WINMM.dll
0x77490000 - 0x77495000 	C:\Windows\system32\PSAPI.DLL
0x633f0000 - 0x633fc000 	C:\Program Files\Java\jre7\bin\verify.dll
0x63250000 - 0x63270000 	C:\Program Files\Java\jre7\bin\java.dll
0x63230000 - 0x63243000 	C:\Program Files\Java\jre7\bin\zip.dll
0x70de0000 - 0x70ecb000 	C:\Windows\system32\dbghelp.dll

VM Arguments:
jvm_args: -Dfile.encoding=GBK -Xbootclasspath:E:\softs\JAVA\Android-sdk\platforms\android-16\android.jar 
java_command: com.lxy.util.ProtocolEncrypt
Launcher Type: SUN_STANDARD

Environment Variables:
JAVA_HOME=E:\softs\JAVA\JAVA-jdk
CLASSPATH=.;C:\Windows\system32;C:\Windows;C:\Windows\System32\Wbem;C:\Windows\System32\WindowsPowerShell\v1.0\;C:\Program Files\ATI Technologies\ATI.ACE\Core-Static;C:\Program Files\Common Files\Thunder Network\KanKan\Codecs;E:\softs\JAVA\JAVA-jdk\lib\dt.jar;E:\softs\JAVA\JAVA-jdk\lib\tools.jar;E:\softs\JAVA\Android-sdk\tools;E:\softs\JAVA\Android-sdk\platform-tools;E:\glassfish3\glassfish\bin;ATALINA_HOME\lib\servlet-api.jar;
PATH=C:/Program Files/Java/jre7/bin/client;C:/Program Files/Java/jre7/bin;C:/Program Files/Java/jre7/lib/i386;C:\Windows\system32;C:\Windows;C:\Windows\System32\Wbem;C:\Windows\System32\WindowsPowerShell\v1.0\;C:\Program Files\ATI;E:\softs\JAVA\JAVA-jdk\bin;E:\softs\JAVA\JAVA-jdk\jre\bin;E:\softs\JAVA\Android-sdk\platform-tools;ATALINA_HOME\bin;E:\softs\MinGW\bin;E:\softs\SVN\bin;E:\softs\python\googleAppEngine\;E:\softs\php\php;E:\softs\php\php\ext;E:\softs\ProgrammeTools\eclipse-EE;
USERNAME=lixy
OS=Windows_NT
PROCESSOR_IDENTIFIER=x86 Family 6 Model 37 Stepping 5, GenuineIntel



---------------  S Y S T E M  ---------------

OS: Windows 7 Build 7601 Service Pack 1

CPU:total 4 (2 cores per cpu, 2 threads per core) family 6 model 37 stepping 5, cmov, cx8, fxsr, mmx, sse, sse2, sse3, ssse3, sse4.1, sse4.2, popcnt, ht, tsc, tscinvbit

Memory: 4k page, physical 3125832k(1115512k free), swap 6249908k(2678536k free)

vm_info: Java HotSpot(TM) Client VM (23.7-b01) for windows-x86 JRE (1.7.0_15-b03), built on Feb 15 2013 14:01:25 by "java_re" with unknown MS VC++:1600

time: Mon Mar 25 17:32:16 2013
elapsed time: 0 seconds

